<?xml version="1.0" encoding="UTF-8"?>
<testsuite xmlns:xsi="http://www.w3.org/2001/XMLSchema-instance" xsi:noNamespaceSchemaLocation="https://maven.apache.org/surefire/maven-surefire-plugin/xsd/surefire-test-report-3.0.xsd" version="3.0" name="TestSuite" time="14.0" tests="1" errors="0" skipped="0" failures="0">
  <properties>
[...]
</properties>
  <testcase name="runScenario[&quot;Positive Test of Submitting the order&quot;, &quot;Purchase the Order from E-Commerce Website&quot;](1)" classname="cucumber.TestNGTestRunner" time="13.074">
    <system-out><![CDATA[
@Regression @tag2
Scenario Outline: Positive Test of Submitting the order            # src/test/java/cucumber/Submitorder.feature:17
  Given I landed on Ecommerce Page                                 # Safwan.stepDefinition.stepDefinition.I_landed_on_Ecommerce_Page()
Land on Show Category Page
  Given Logged in with username "Safwan123" & password "pbdev@123" # Safwan.stepDefinition.stepDefinition.Logged_in_username_and_password(java.lang.String,java.lang.String)
  When I want to add the product in Cart                           # Safwan.stepDefinition.stepDefinition.I_want_to_add_the_product_in_Cart()
Proceeded to confirmation page
  And Checkout the Confirmationpage                                # Safwan.stepDefinition.stepDefinition.checkout_the_confirmationpage()
Confirmation Message : CHECKOUT CONFIRMATION
Confirmation message verified: CHECKOUT CONFIRMATION
  Then "CHECKOUT CONFIRMATION" is displayed                        # Safwan.stepDefinition.stepDefinition.is_displayed(java.lang.String)
]]></system-out>
    <system-err><![CDATA[SLF4J: Failed to load class "org.slf4j.impl.StaticLoggerBinder".
SLF4J: Defaulting to no-operation (NOP) logger implementation
SLF4J: See http://www.slf4j.org/codes.html#StaticLoggerBinder for further details.
Jun 03, 2025 3:57:01 PM org.openqa.selenium.devtools.CdpVersionFinder findNearestMatch
WARNING: Unable to find an exact match for CDP version 136, returning the closest version; found: 132; Please update to a Selenium version that supports CDP version 136
]]></system-err>
  </testcase>
</testsuite>